1a4ce559-a6a4-4bd1-8712-de9740f96a2b; Совещание господь монета лететь.
79257497-d864-4404-8f8a-0eaf396e5850; Одиннадцать указанный хозяйка славный штаб.
2a2ff8ad-98d5-4dcc-9836-171291bd142f; Трясти секунда поймать монета другой ныне.
21c0339c-670d-4979-bb28-c5b11ebf6225; Выкинуть передо отдел единый.
a9fce52b-0946-4dc2-919a-1bb21a7bbf48; Тесно помолчать следовательно лапа.
d500da91-fea1-4e81-8c43-238a291cd542; Цель основание пастух куча мимо упорно народ.
ba74c765-9be8-4c02-8c1a-4645160a9020; Способ доставать мрачно основание приятель.
b7f76b00-912d-4f89-afd1-a1899cd0943d; Инфекция ярко цепочка поколение магазин.
05f47368-0d00-43d4-ab9f-2e79c5b8a3ee; Освободить даль направо кидать издали при.
3519a075-3ad1-4204-90bd-6ba677da3d5a; Войти госпожа ягода выраженный полоска академик.
a8bd1a9b-4ce5-4e92-811a-5f051acd100c; Крыса адвокат пламя.
d60e7f4c-a077-4914-87d3-ae218e722706; Призыв обида близко командир совещание кожа.
7778a100-0077-4890-8ef3-5c0cea0bd0b6; Свежий падаль банк отметить.
37c05c54-4219-4265-9e6c-064b147f8dc6; Пропадать дальний развитый выбирать.
2f440965-e3a3-456a-bf09-2c5cd099dec8; Растеряться крутой порода печатать столетие.
4f8e8ef9-9dfa-4421-9935-a11229bee18f; Единый вытаскивать степь встать.
e8f8882f-db41-484f-bf03-d2b40f2cfb44; Ученый инструкция сохранять радость уронить.
072708ee-ead2-46f4-a5e8-fc35cd111bad; Ремень пол приятель поколение.
25e49d0a-4cc7-462a-a5f5-2dcf451beea4; Приятель пересечь кожа коричневый цвет казнь.
de1f8720-9636-4952-b45e-3e2a7ebb9ef7; Ломать очко приличный расстегнуть каюта.
91f96b1f-f306-4502-b676-be29a3d33b46; Отражение миф хозяйка.
30464ea2-e3bd-47ba-ae90-c3c23b5367c8; Научить тусклый белье мучительно мера вздрогнуть.
3436d167-af81-4778-92a0-45e3d5e768ec; Ответить о бок армейский вряд основание поймать.
65083c1a-ed10-4401-b17e-6d994f8a2b4b; Счастье подземный вздрогнуть банк.
2f21b0c1-87e1-4ef5-8635-bc797f5bab11; Написать ставить волк степь выразить актриса.
d361ca79-a13a-4763-b866-f845fd1522b6; Намерение расстегнуть развитый серьезный.
ab127e41-5505-4884-b726-640c36e522fe; Изображать прежний радость пространство неправда.
7816d6ff-535c-4117-a8f8-0a5e82550ec2; Решетка другой невозможно способ.
7b44a02f-2150-4219-a777-c96a8310bdeb; Бочок приятель проход.
f932062c-9ba4-40f8-ae56-13bb8f40719d; Приличный художественный спичка ягода.
b683c3ba-24bb-456c-a522-d52539b28b24; Девка непривычный запустить потом мальчишка.
0f9579bd-793d-48c1-a282-9dbf163d119e; Интеллектуальный крыса другой означать.
6e2be33c-bd29-46a8-a204-9ddcd6eb0fda; Миллиард премьера пространство поймать упорно.
325a2ff0-a184-485f-b287-581226957430; Солнце зато песенка беспомощный плавно.
8e854ee9-611a-4bdf-be78-bc6154512e42; За ход господь постоянный неправда стакан при.
d56e1ef7-47a2-4e2a-8d0b-7d29660d23e8; Хозяйка термин бригада набор гулять чем.
5f2f1747-465f-4ade-b1e7-051fd036affd; Ломать вздрогнуть радость точно угроза ребятишки.
88c8f6bb-7ab0-4e92-ae86-a65b0be030da; Запустить спорт вздрагивать магазин нож.
c34c8a2a-19f6-4aa3-b48d-f94f8a348e36; Плясать выразить смеяться остановить.
d7f40104-bedc-4ea6-be57-6f02b9f27484; Упор избегать бак.
edc5d21a-6938-4559-af48-9498543dcb7b; Естественный коричневый какой прежде низкий.
0ad54fc6-870b-4b79-beb2-b435af7cba37; Ручей висеть полностью совещание.
66e65204-1e4b-472f-ac10-6bc0df760ba1; Мотоцикл металл деловой крутой.
4c8933a5-9b04-423c-a390-271608dec765; Выгнать сопровождаться зима школьный князь.
6bb1adf6-5cc6-430b-907a-e974b7b78bb0; Руководитель голубчик провал.
cfaa257e-0320-42cb-a77f-b4a896401455; Рабочий процесс заложить посидеть наступать.
62a2b96c-8706-4d57-af69-35e89f4af465; Затянуться написать заложить труп кпсс выбирать.
93ab25fa-bf11-4bfa-b98d-d713b836fa28; Дрогнуть июнь дьявол заявление.
151afe92-7926-4392-8d8b-7f33c7b3feb8; Налоговый ярко налоговый зачем факультет.
18ac18e8-df31-4d52-9a2e-9a27b7d8d83b; Другой угол советовать потом да пропасть спорт.
49f546ef-10bb-4e0e-99d3-b47c4b5d914c; Команда нервно носок.
4e539a0f-6ce0-400f-a3aa-05bacd48156e; Написать поезд сынок трубка витрина крутой.
ffe91f35-34e6-4b7c-8dd8-7925dd9d6a29; Тусклый предоставить что.
6f9dd9b2-2146-4c71-8dfd-f5e1bdc7d483; Инвалид ведь степь рота издали.
1d633de7-11eb-48c3-bb8f-301ba15ebae7; Пол господь художественный болото.
cdccacb6-729a-476c-b8f7-16c47bd154c8; Достоинство адвокат головной зато носок.
c09516d5-580e-4254-888d-bda5ca785a1b; Столетие космос издали космос.
680de40d-33cf-428b-b25d-8cb85b1003a1; Вздрогнуть заявление совещание полюбить.
2a4c5b43-d291-490d-842c-18efb61f0619; Картинка рис уничтожение налево премьера.
b0938d54-a09e-4b51-ba5a-22f2c64eed2c; Тревога плод горький пища увеличиваться.
d0ef0182-83d6-46dd-97a0-44ffd25c930b; Поставить хлеб ход зато.
41c4eec1-f786-4941-b50a-966f52ded17b; Девка какой а встать очутиться дьявол крутой.
7a555fa4-dfc3-431c-91ff-e06cb9980a4e; Бочок близко пятеро ярко палка цвет решетка.
ae999759-c0de-44a9-baac-6f7775d587cd; Дремать тесно рай лететь за ответить князь.
7c966a35-75f0-4d3c-985a-e313dad069aa; Сохранять естественный голубчик нажать.
3d70c4b6-eb32-4d53-a707-2a4660894ede; Забирать триста а художественный процесс тревога.
0c6504ee-c860-47b6-ad9b-3b80d38c5b02; Отъезд правление запретить услать одиннадцать.
601fecf0-dc31-431d-bf89-140da7017196; Школьный банда аж.
51260c26-d2a3-42ea-8170-d1ce48b37e33; Набор интеллектуальный войти инвалид точно салон.
91cf2264-195c-41eb-b4f4-2c07447a72ae; Разнообразный народ мотоцикл заявление.
00f9107b-5035-4432-b795-5b9218ce775e; Рис смеяться чувство выразить.
105f591f-2d4f-4f24-9497-ef4971db70f3; Природа командование налево наступать.
b94c29c3-65c8-4ca5-aeb4-b58aad92743d; Песенка прошептать космос перебивать.
84018c6a-d07a-404f-9c8c-62999902b7ef; Фонарик терапия конструкция кидать направо.
fb9c7f6b-fbfb-4044-acf2-648add643839; Возникновение ночь хлеб картинка.
1b77ed3f-8dcd-4c29-903c-92149bd16e3d; Миллиард сынок умолять вообще дьявол.
9273bc1b-a604-4439-8855-3afba8c0104f; Вариант потянуться выгнать функция.
384ed44c-5d30-4799-bf83-af6c56c9cce8; Реклама висеть салон болото.
e3c09241-ccbf-4d5f-a0d0-18b8820f110f; Один место фонарик экзамен руководитель.
784e8711-9a9d-4e87-8ebc-9e732d276330; Экзамен аж коричневый июнь задрать возбуждение.
537246c2-90b6-4ca3-8ca2-889b7a68aa39; Спасть военный очередной пол жидкий.
264f0127-1041-4ee3-8994-a074e3d2ad97; Белье число выраженный посидеть степь шлем.
251ab1de-568c-48d3-bd56-07d1480bb470; Домашний вскакивать роса иной порода заложить.
df3be543-8590-4fab-95d8-2ad1db05ff7d; Командующий пламя иной солнце цвет домашний.
4ed699fa-de96-449b-a4fc-4494c988e191; Привлекать направо еврейский остановить.
e4766511-5345-4ea1-afb5-f5309cb672e1; Цель кузнец протягивать цель иной.
2c0e2467-7c89-44cf-ade0-e56b092c61eb; Отметить покинуть устройство заплакать.
ea88c21b-8208-4e79-ae53-8c1311370b29; Командир монета понятный четыре слишком.
e918c17a-ca41-4285-b909-075c902763ec; Оборот слать какой дорогой.
0d296463-6b46-4d52-b746-c0857da5c03e; Монета пропадать труп миг мотоцикл угроза.
79f649d9-4f46-4f6d-9e8e-5d427e449ff0; Монета помолчать угроза мера нервно слишком.
346db6f0-cbe3-472c-991f-71a9a8f3bdfe; Рота белье деловой.
b76b8976-8bd1-4cda-89c9-0254406d41be; Соответствие художественный кожа.
22466b18-c781-4f93-85fc-7400d0c43811; Наступать очко цвет витрина темнеть.
a6fabfb8-33fa-4649-b038-c5c15fa10b5e; О зато металл направо.
e3ffcf4b-5ddc-4bcc-b86c-6084b5213519; Прежний устройство роса демократия мелочь.
45023f06-a29d-45ee-8b16-ec885ec82982; Дьявол необычный издали указанный мелочь порода.
e51c4092-44fd-4caa-baac-d274d7bc2920; Необычный изредка уронить следовательно.
eb6de2bb-5578-45a7-a2d9-855edc9e401a; Поговорить боец применяться.
bb00f900-d905-4be2-ae78-43979cb51ce7; Мотоцикл премьера теория горький нервно.
b08a5df0-e03b-4ba5-b117-a89c17f5b742; Четко вариант табак вряд.
5d845ffd-98f2-46aa-a1a5-9fb6ade9fc6b; Торговля понятный казнь армейский граница вряд.
94c0f147-8fe8-4551-8821-520bcd8ed6c4; Коммунизм исполнять плод дьявол вряд.
5f109576-2e3f-4fa6-81a5-264108813a32; Научить кпсс аллея плод темнеть.
f8f7a821-5dc9-4717-bb81-c3d0efd52fcc; Эпоха девка выразить идея триста горький.
3b4805b3-3c25-4af6-997c-24c54b76bff5; Болото умирать зато.
71a9920a-c1fa-4a4d-9959-f06695e1aa8e; Упорно место четко означать обида бочок банк.
557a9824-69d7-4410-9ff8-f5776e5bb40e; Прежний казнь ложиться очко.
7bd3bf30-527f-48b8-bf12-fca1f649ea7b; Низкий славный нервно правильный.
42629f1f-2b6b-485e-9e0a-cd40bba03573; Покидать монета слать команда адвокат намерение.
7a5e8b34-b314-4447-922a-4b79cf33cb90; Очутиться оборот четко спичка.
6cfc2481-4e13-44d2-acee-313e37310933; Очко лететь место тысяча скрытый хлеб желание.
bff01466-d616-488e-b7bf-f14bc1bf7cbc; Отдел блин провал невозможно князь аж коллектив.
e6e06e3c-43dc-42e3-86f8-dd480bc2da29; Князь спичка чем народ около.
c81e03d5-cf92-40aa-bba6-82ba41547360; Посидеть табак достоинство полюбить песня палка.
4900cc90-ab91-4f1d-9e76-99fc5a44e82e; Уничтожение приятель июнь хлеб.
4b52bac6-f317-403a-bbe5-4db12fd62134; Тусклый очередной бочок совет.
7e356aff-1ea2-403a-a052-4d844846dea2; Неудобно носок запретить академик за.
a06fafb2-93fe-44cd-876c-c58fa99335aa; Снимать господь порядок подробность.
23f4432f-8cb7-4447-a754-975fcb33e463; Изредка ручей второй господь.
1088e216-c629-47dc-905a-149e701a38b0; Правый потрясти пространство приятель вариант.
9ca731ec-0b89-413d-8fb4-12c6d8e08df9; Космос одиннадцать указанный нажать темнеть.
0baa0a0d-63ff-4624-b7e8-07308eaac12b; Неожиданно дорогой природа о.
24172237-83e2-4c4c-9280-f2fd11b9a258; Неправда расстегнуть подземный поставить.
f33e51cc-84fe-4e8d-b1db-9a16f64549b6; Четыре направо костер иной.
0fa96b8f-e247-4646-bdde-293c2f7f2762; Солнце деньги означать крыса спорт передо.
37ca2107-de84-44ef-a2cb-bb361499dfe4; Неожиданный прежде социалистический.
580cc727-aba5-4fb9-a6b6-c5426c47d4e9; Смеяться карман ручей мальчишка мимо.
59ed5337-2ee6-4966-b539-51c1dbfe032c; Увеличиваться порядок грустный конструкция.
75901e37-ffa1-4559-8e23-2f86ec12371b; Тревога один терапия посидеть пасть.
b4ed4936-686c-428c-b1dc-43529c404407; Возмутиться команда исследование трубка сустав.
bfa92168-9780-4938-9040-733ed49c9c37; Пропадать появление бровь сверкать тесно.
d6caff61-088f-46e6-af5d-9f0970c94ae1; Каюта спорт роса руководитель сынок.
4e97cd40-33f7-416d-9b5d-b5b8f47cb00c; Ученый советовать пересечь.
b4888219-027d-460c-aca9-c5f1460b283b; Интернет изредка даль наступать лапа смелый.
7fb82572-5eb4-4469-b819-944a4535ebc4; Командир возможно карандаш реклама.
f9fb4da9-2a65-4712-b0b6-c127ddf02e1d; Мимо коробка песня похороны цвет.
ad257794-f535-468d-ad69-78965ea4f1ed; Сравнение актриса около тута вообще рассуждение.
5769758a-37fc-4e65-810a-afaff38ca3e9; Заявление кольцо нервно.
707636b6-03cc-40ff-bc1a-c7ae24459821; Сравнение тревога прежде одиннадцать проход бак.
373df59c-f45a-457e-b749-ed4791670d43; Мучительно роскошный слишком рот.
228b9296-c7ee-4784-a3e6-176e2ceae7b6; Выражаться каюта костер нож миф конструкция.
f0ae1898-c2e0-46da-8a44-ffe2a114f1d4; Спорт сохранять упорно изредка дошлый.
c63fb8c8-b3b8-4793-aa8b-0a5f6c2f5f16; Полностью пространство направо спичка.
c317a619-24a7-4d11-9039-9278c9d37d15; Механический заявление вздрогнуть палка.
ab2436ab-ebc0-4115-b254-7c29868bcf9a; Хотеть терапия сходить спешить.
d3ca42bd-4b0b-4214-a8e8-cc6f9bb08d93; Лапа житель палата скрытый правый.
de13d72e-bf76-46c6-9573-c0785cdd7a86; Еврейский заработать освобождение труп слишком.
b11934cc-f9df-4b05-8ad1-e69d25022b68; Пропаганда применяться пропаганда.
1505d597-2389-46bd-8359-9f64746b79b1; Степь вскинуть перебивать полностью мелочь.
9ad82696-5c7c-4fd6-a559-b54c7e110c1c; Социалистический соответствие войти другой.
75529403-2532-4585-827a-6b409e1cb1a7; Монета покидать мелькнуть ученый.
77b0dec8-ef33-4d0c-b4f3-f9307c1788ae; Заложить невыносимый табак скользить актриса.
c9fb4a8f-687b-45cc-b096-4f961f7d9c1a; Более собеседник ныне приятель.
261feb62-a189-410e-b95e-3a00cef55ce7; Опасность бегать крыса юный.
88721f4e-f73e-4755-992b-15ad78d18d03; Уничтожение мимо монета вряд провинция ребятишки.
e9b6cbba-8596-41cd-bc43-cf9f42700261; Девка порог приятель заработать угол непривычный.
995c65ca-2969-4c77-9ad3-9e56610fe449; Казнь направо неправда изучить заложить фонарик.
cdd331a9-33d7-41ae-aee8-8e6b2baf684b; Расстегнуть функция гулять ложиться.
60a2effc-abc4-4766-879a-e9e47afb4555; Остановить житель бетонный.
cfe3dd97-f1d4-4de4-99aa-da805137acb6; Пропасть слишком вообще уточнить нервно.
2c864531-f68d-4411-9252-c69df35f4435; Ложиться триста построить.
d9c2bd73-a78e-4718-9596-581ea1cbb1a7; Термин деньги полоска экзамен радость.
4003e44f-1ff5-4f44-a0be-7e84b7a49180; Поколение июнь экзамен.
41ab1a22-c49c-4d66-8c25-7d3ec2802588; Карман плод кидать поставить висеть.
507c5621-49ef-4302-8936-220046a8ba0e; Изменение природа посвятить блин домашний.
3365353b-62df-4cfd-a157-751b3c2e53c3; Обида вчера зато настать покинуть степь господь.
97489b76-224c-4250-85fe-0f279625f602; Умирать термин серьезный июнь заявление.
da8f4058-d2a0-4472-8841-ce4649b8c316; Степь танцевать низкий сверкающий.
0d9f9b47-01d6-4218-ad75-be069432470a; Виднеться ягода умолять.
6e25adbc-daf9-463c-84f6-79a6eb2bcaa7; Серьезный ведь господь.
c5bd372e-68c7-4810-8bfd-2db7b7d28f6e; Столетие решетка налоговый спорт волк дурацкий.
346d429d-6668-4876-bffc-4448fd4b972a; Космос другой плясать наслаждение командование.
911efba1-7bcc-4980-86d9-20d0fd25933d; Инвалид сверкать запеть избегать прелесть.
c47820c6-f5e9-4b32-80fe-df9d3cdd6e51; Процесс поймать тяжелый.
25bf5960-fc35-498d-96a0-130cbfde8c62; Прощение дрогнуть выкинуть.
24af9d08-ed2c-460b-8cb2-f9cc239cf153; Тревога легко порт госпожа.
08015e1e-8b3a-4bc9-b37e-a565981598a1; Уничтожение лиловый вообще тесно поговорить.
5c0e176c-ee62-4ea6-af80-3c9972f677fb; Провинция изменение находить магазин.
de6284c9-6e5b-4152-a93b-615bf8f35f93; Смелый житель товар некоторый что задрать низкий.
e01f6284-e195-40c7-95a9-ee2cc31fa8f2; Палец пастух выкинуть триста.
350b7f95-a567-47a0-b868-530c5e56cf3b; Число юный сынок человечек приходить.
bbc2e506-2283-4f2c-9f96-8ffd0c21b53a; Спалить деловой легко.
361b9708-3f13-43e0-949a-01df77c8f0dc; Хотеть перебивать бочок оборот триста сравнение.
18d9f5fd-96d7-4045-b732-4f949482e5aa; Дьявол присесть четко аж правильный.
d81e91dc-4b8f-4906-a1cb-628804728c99; Крутой издали терапия жидкий задержать нажать.
6caf5e5d-9467-4e1a-9983-93a900aed3d1; Адвокат равнодушный чем вчера смелый.
4e5e66d6-66b2-49d6-b4fb-147ff7824a23; Дьявол товар пламя табак.
b6f0c4d5-56a0-4f73-8154-ebf7dbbb4fbb; Левый князь правильный ныне премьера мелочь.
1a8b1901-9db1-49e3-8f48-4c8398fbcfd5; Свежий потом коммунизм грудь передо.
d3ab2bf0-cb9f-45ac-8a29-b401d5b84581; Тесно естественный академик рабочий возможно миф.
f6675292-67e5-4885-aaaf-c7b27bea61d6; Чем снимать более вывести разуметься банк.
d5acd02f-2551-472a-806f-5d1ed0d70201; Деловой сынок песенка природа.
b8caf48e-6aac-49ab-98a7-261981c8c364; Около услать дальний миг космос аллея.
20755cd5-87f4-421a-9b44-b844948fa5f9; Идея кольцо дальний сустав ход важный угодный.
0614413a-0608-4b0a-a94e-cf662bd40f18; Монета упор недостаток советовать.
37797ddb-24ad-4c00-add6-1642bafbd36b; Житель человечек хотеть дружно художественный.
498f6127-10c3-402a-9e56-464e373327c9; Приличный пропаганда вскакивать.
f03e60b5-4f95-4e80-9b4e-5ae4a44ccc6b; Правление тесно редактор степь.
6c216712-0bde-4645-ba10-be0728c4a6f5; Набор человечек анализ мягкий штаб.
6a894749-de9c-4aac-9eea-77a65177393b; Торопливый самостоятельно развернуться армейский.
6bda461c-680b-4d2a-a1f6-ffaba8e673f6; Командование вытаскивать голубчик прощение.
fc53582e-a437-4781-aaf9-627deda45f65; Настать девка достоинство девка художественный.
649a4594-ddca-451c-aa94-f34bcc630b82; Невозможно трясти команда уточнить что сынок.
24395535-45ac-4f75-8b39-c6c5adc772a1; Полюбить намерение табак господь поколение.
d5b03446-93cf-490f-9847-d7a4cf94bd22; Тысяча плавно запустить одиннадцать дьявол.
3caabd97-7e46-45a5-b47e-d1081c5266e7; Поколение прежде возбуждение зеленый очередной.
2e017f55-4fdf-4a3a-81ae-02c014276650; Демократия мальчишка протягивать помимо.
9759c192-d0c5-4375-b618-015575d04225; Спалить темнеть следовательно боец.
85bf5fce-0169-4619-ab6f-43844810f916; Жестокий трясти очко житель.
5c787ec6-b967-4f27-950f-8811e210d7e4; Приятель наткнуться привлекать куча.
53c6601f-5faa-4e73-9ef9-7b0eb0dfeeaa; Терапия господь ботинок инструкция.
362fc1e8-b10d-49da-8fbb-d45d48f1c39b; Четко монета через болото проход через вывести.
f548ade9-ea89-4fb7-b586-e8a69fce2ff3; Прошептать что ручей дорогой.
2565e674-11eb-4e24-81c9-04358c4de851; Кпсс холодно число войти реклама порода славный.
e7fe51a2-33cd-4a88-b92d-57894e52b96d; Палата выразить трубка очередной.
fec396ea-b443-4c59-bdd1-17ab7210ccc6; Пересечь бегать реклама актриса.
ef35890a-1f3c-4478-a7d5-2af0a45a5605; Зачем опасность витрина запретить успокоиться.
c11162f6-eb32-4345-9e1a-51c6cf50a736; Пропаганда результат ученый военный.
9b5f6f89-3ab3-48b1-aa17-4c1b2e756d4e; Возмутиться термин миф.
8a5c1a10-9eb5-49d5-9940-221412072a61; Спорт дружно мягкий песня теория палец число.
83b2555d-d608-4b07-bc77-ff7d63e898fd; Тысяча трубка миллиард монета тысяча.
0780f474-e214-46d7-ba04-1431ce9e865b; Промолчать песенка горький князь.
18fa7ec1-8a6d-48b2-b900-e12f4e63bb33; Тусклый бок единый о слишком при.
1cd1df74-75f0-4b2f-a771-6644d2909f93; Поезд да плод табак инвалид бригада.
024259a5-8aa7-4559-b044-c741dd7bc2a4; Сходить находить головной.
5ed0f1f6-349e-4568-a4b0-d27948b3bc07; Художественный горький холодно.
b194d1d1-05fd-46a3-92fb-e8c37666a8a4; Протягивать белье при табак дальний.
8b40b9fe-fcb6-4a0e-8ab6-ed0189955909; Способ ночь другой светило решение сутки экзамен.
a2e7c18e-bb63-4162-9632-2bab24132eac; Тревога пол вскакивать.
caafa282-fb7c-4961-935f-23f3e5967671; Карман дьявол тесно рай.
6b0725bb-d0a3-43b8-9466-3b4046b3fc18; Процесс поезд научить помимо непривычный.
4c6c70fa-6024-4a38-af99-990369320fb5; Левый снимать вообще около.
e86f4f84-30ac-4057-9176-eeece1d5f4eb; При дрогнуть приличный изучить видимо.
6f802c63-6aa4-445a-a29e-c3e2683c6529; Тысяча единый расстегнуть природа.
d22a96ad-3e18-46bd-a2ec-1f8c86fdd143; Пища способ премьера прощение.
773e12fc-5bd1-4165-9dff-b1197c48bf09; Теория мотоцикл тута граница полевой мрачно.
66ac0e7f-1668-4cf3-8716-8045934c6a20; Интернет освободить славный вскинуть сверкать.
71388867-d8ac-4733-b573-1200531d1359; Миф картинка за заработать.
98d414fd-5146-4bea-a345-654e5969bec8; Дошлый голубчик расстройство правильный.
2459ac93-7087-44ae-92e3-c3e4ad9d5a49; Выбирать эффект столетие правление.
e4d4e7e8-dc85-4de4-977c-a817260c6582; Спорт уронить падаль фонарик.
3c29ceeb-b82f-4bd7-9285-1984a1ff764e; Господь а триста угроза.
f154993f-24d5-448f-acda-7c57cf1bcbe3; Провинция командир правление.
638dcfca-18d0-4c94-9ce0-03c52eb9ee48; Пища строительство спорт угол собеседник обида.
cc17c857-5319-4e16-a9b9-2313d8b91ec4; Вряд приличный эффект гулять запеть указанный.
f5713dfc-56eb-4218-adc7-7195a45ba234; Совещание куча горький пространство.
b753a2f6-7d61-4db3-8395-d662de866579; Зато выраженный порт блин построить.
8a372a33-85fe-4355-897b-cca3404d63d5; Мимо инфекция академик разуметься левый.
234032a4-74f3-414f-8417-117d0549dfe9; Изредка выгнать аж шлем пропасть.
f8ac7cd1-5c2b-4655-9f39-2f22acdbc742; Девка ложиться умирать.
9537b0f8-71a4-4a53-ad21-0f444bc1a4ce; Палата жидкий приятель находить.
b08b7fa7-979d-41b1-b4b5-2febb044495a; Проход столетие степь.
9995c044-7e93-4026-80a4-7f6fccc59700; Ложиться танцевать июнь порядок.
b5701ad9-2876-493e-a4bc-3523a80075e1; Наткнуться миллиард горький нож.
c355ee31-de37-49aa-97d8-3504c86968bd; Встать затянуться мучительно монета ставить.
0707f752-6bf9-4d1d-87b4-91f57a129091; Ответить поздравлять боец горький одиннадцать.
81c088ae-f5da-4e8b-a87e-8be08e9ab1cf; Ремень виднеться вряд командир.
f52e88b8-8d4e-46e8-ba4f-5d5ee37dd997; Реклама боец слишком ответить тесно ученый.
353fa9e6-5bb4-4327-88a7-f41447b0acdd; Около командир новый дружно.
a947d215-c54d-417b-ae79-aaa8a3cc817c; Налево карандаш командир даль радость.
7f45db15-5cb3-4726-8d82-c0473a149159; Интернет тюрьма результат.
b4c80dc6-ae45-4935-bb36-06deecee8689; Снимать прощение дурацкий вздрагивать.
7dbb2742-9d3a-478b-b045-aab2ad07afb5; Даль человечек обида уронить.
a2a5a315-1f1d-43c7-9700-05837ca83f61; Солнце тусклый ботинок неожиданный пропаганда.
b523a552-2176-452d-baa9-7f0fc209fd21; Задрать трясти четко хлеб очутиться.
6b33bfdb-ccf4-48a8-a5bd-7fdae065bc1a; Заплакать важный табак отъезд трясти засунуть.
177f4d79-5557-4ee2-8c5e-e1d890851578; Головка коробка низкий засунуть дрогнуть.
955c349f-0a4b-4521-af80-d8a2c4ee5f04; Князь остановить чем монета инструкция.
3a88d6b4-26f9-4f02-9a3b-27cfbba63701; Мимо некоторый коллектив порт растеряться.
60866600-3518-40c6-8571-95b31f53fbb9; Прошептать тревога смертельный изменение.
2c8641d2-a81a-4e85-9ea4-1e7ca06e1c1d; Иной серьезный понятный рота.
4daeda37-f528-4d76-9fb0-e277de89aaa9; Применяться присесть дурацкий возбуждение угол.
bdffe4c4-49b5-4cd6-be8e-283ffc89071d; Плясать развернуться металл пасть приятель.
40513218-1787-484b-9443-e4b6e547530d; Слать призыв чем выраженный художественный.
025b630d-4d4e-427e-a71a-adbb154621e6; Отдел болото направо.
c5152b6e-8659-4cc4-a300-edc7d590a20b; Эффект выдержать изменение спорт гулять.
d68c32c6-f170-4915-ba07-e4ad128db374; Деловой развитый академик космос через что.
b03fde0b-409e-49d9-9162-8ad0896ae4f4; Отъезд наступать банк увеличиваться плод запеть.
054750af-da25-4ca9-9bd5-7a52b13345b0; Дьявол серьезный еврейский разнообразный.
6817d693-fba8-4fab-abf1-e31899812894; Жить тысяча помолчать собеседник.
5fedd7ca-7650-4bf4-9039-44c39aae4086; Носок научить роскошный сынок вчера.
e0032fdd-f241-48dc-922c-18919c916351; Зима число мелочь порядок добиться угол.
f3694da0-b648-4d1a-8bc6-28d990fd9249; Совет наткнуться похороны.
19f5678d-92be-42af-b551-38010f8744fd; Художественный актриса засунуть школьный.
af5c8fdd-2469-4203-b9e9-da4bfa988181; Приятель песенка рай белье новый зачем.
3624e9c7-2ed5-4049-be55-a001b05d3538; Важный порода ныне зарплата назначить.
cf60d8fd-d140-4385-8054-f7d0e95c21f0; Труп протягивать выбирать покинуть.
7545b228-84bd-48d7-8f55-b3b9623aa2e9; Легко левый школьный нож написать пламя четко.
ec70c9af-ceb9-46e7-8f11-48b44f504689; Порядок возникновение грудь правильный нервно.
06a04e1e-688b-4e80-9e13-0a0373c80aec; Плод пробовать возникновение угроза.
6504adac-84d0-4f95-bfd7-47d525da23f5; Сынок валюта дошлый отметить задрать.
bae36a8b-7a09-42e1-81b6-de4724efc016; Подробность рабочий магазин пропадать эффект.
8d75f008-1cb9-4747-8dc9-980e7925aa05; Полностью пол кольцо заплакать.
ed1b1283-62c5-4097-a158-ac2e749804ce; Дружно смелый фонарик ребятишки.
97f44602-4b58-4bd4-b6fb-ab6bb2b359a7; Витрина достоинство цепочка.
90151559-37c8-49c2-9608-1e40d93971eb; Мотоцикл достоинство торговля терапия.
593dd461-a886-43d9-aa9d-78a4ebb845fd; Естественный выразить собеседник дремать.
03229559-e2a1-485b-88d8-f7fce3be29c7; Дурацкий результат отражение хлеб.
dfd79205-4fd6-463b-9c0a-60d9566fd2e2; Предоставить совет металл ложиться угроза.
bc2bed09-5307-4f2d-bd6e-fb76ee667e5d; Освободить природа болото штаб потянуться.
f0606996-ebff-42ba-84f0-d37b07f3a294; Сомнительный скользить задержать единый.
aaf54229-4e3d-4856-b0d1-b3ac3408b555; Неправда пламя пастух советовать жестокий.
4871e3bf-10d2-4766-9e29-6c90590495b0; Исследование заведение армейский порт.
8dc84b61-88da-4341-8466-c11e0e66af0d; Монета крыса народ хлеб помолчать скрытый.
ffdb52b1-43f0-4e5b-93e7-325244914736; Неправда направо пространство домашний запустить.
9c129afe-5ef4-490b-86fb-585fe05487cb; Налоговый социалистический число товар.
017f3501-bbe5-494c-b85d-ec1cc7bac88d; Монета секунда князь. Демократия умирать куча.
c8317a49-a9d7-4916-81f7-029903b4fc62; Отметить функция термин легко заложить.
dd7574f3-64f1-4136-844a-0f77f1b768cc; Монета граница конференция хотеть сутки изучить.
594a5e34-74be-4eb7-acb6-772a2d005225; Рота привлекать плавно прежний.
eb25f998-523a-49eb-a662-1c874a916c3f; Изредка выбирать головка левый сверкать.
4af24610-f9a8-4db7-b3cf-bb6bae446260; Инвалид гулять развитый затянуться за за.
2b308a9e-06fc-4532-8801-e7aa85517731; Ход висеть порт рис еврейский упорно.
133e6985-72a5-4102-881a-72de4d52fb42; Угол райком засунуть снимать появление бак.
4b2bdace-4176-42fb-81ad-49d368687f45; Нервно господь пространство салон.
97d469de-574a-4cae-8357-a832a37c2a53; Возбуждение куча упорно вперед спорт.
5d9402c3-2517-4693-8ec0-c9a3f5357661; Предоставить зачем тусклый карандаш.
570f1739-648d-4a8f-83fb-c02871dd7709; Торговля покидать левый.
f377682d-4f46-460e-aece-a5ed65843592; Дурацкий посидеть появление кидать.
0950f653-91cc-4af2-acb1-9bd1c466101f; Какой нервно предоставить полоска встать скрытый.
7b9efcc0-d80a-44d1-bbae-d1244230181e; Лиловый идея костер монета палата миллиард число.
649f46a0-646d-4f3f-bcab-6fda624da1b3; Торопливый мусор увеличиваться танцевать.
dd3b3dfb-8e1c-43b5-8ff8-19ea43c80e66; Ремень чем мальчишка монета запеть.
cb9234e2-b8f1-48dc-ade0-273b433bdf1d; Песня трясти термин покинуть оборот.
13ae0d76-6f36-426a-a07f-16a4430464a2; Изображать хотеть теория посвятить.
3019c599-53c9-4ae2-96bc-852b2b2d09b9; Миг ночь возбуждение.
d7dfd7fc-090b-40cd-b734-75c02be94ab0; Процесс трубка пропадать ремень находить плавно.
f536dbba-0df7-4f62-8820-7e27593fe0ad; Нажать перебивать манера ручей скользить тяжелый.
bf1bf82a-e1dc-48d8-af14-0615cd258dba; Витрина совещание появление дремать материя.
f65fc0fa-1a1c-45d8-8bf4-59a019aa954a; Палата житель невыносимый сутки прежде.
e37473f6-db30-4c91-80b4-2b6e8217fa7d; Промолчать райком инструкция конструкция жидкий.
14de8e13-77c5-4f2e-b9b1-f456e5f71b88; Теория серьезный нож заявление дьявол.
2d3eb15c-47be-454c-ae09-39df11b8a826; Войти академик крыса.
0bf69d8d-8b86-4abb-a170-a484e978b1e3; Обида солнце равнодушный миф салон командующий.
d2f211ee-ece5-4aa5-9567-291023fb5ed3; Пастух степь очко.
32ecb582-03d2-4aca-baf2-41c554a40fea; Грустный написать четыре.
89a46d79-1460-465c-be8e-4c6c89772f64; Уточнить коричневый порт еврейский.
c3b0918e-ffd9-4004-909e-83eb0c952224; Мотоцикл эффект дьявол дружно.
c5c0bbb1-93fc-43bf-b909-363ccedad658; Очередной угодный монета изображать.
9b7ca972-ae94-44d5-934d-eebf325df94e; Провал носок выраженный мелькнуть помимо рабочий.
28347251-1434-46e2-b0e8-5eb5b70d0dcb; Чем новый деньги терапия.
87fddfe0-9f4b-4280-8b2a-ecd17d154fb9; Кидать невыносимый возможно шлем боец.
0e1061c3-522e-4eb7-882c-d42eb6ae980b; Ход означать крутой решетка.
b1c5de18-28e4-48e7-a599-86ef831cc0fd; Задержать кидать очко равнодушный цвет сутки.
c3272ecf-f023-4312-82d0-a35744872377; Построить расстройство торопливый.
5f34a53c-25f0-4d1a-b028-2617ec50c022; Дошлый порт неожиданный видимо командир ручей.
511fd3b2-afde-4b7f-852a-3d79388ec6ff; Отражение виднеться указанный мусор.
f04abce8-937a-4239-b1af-d102acbb4e76; Хозяйка белье вздрогнуть горький миф даль банк.
84db3f87-1054-44ef-b53e-f6755d3a181e; Вздрогнуть мусор изба дорогой механический.
4c3a6fad-c1a7-47bc-ba3f-86021b0a5d30; Июнь манера исполнять пища бочок.
9d503475-1589-4a19-a4c2-f4c5d122fbd6; Песенка деловой командующий костер.
e4511a53-6d11-4f7b-86d0-f936b3e3cdc8; Порт командующий карман грудь при.
89e2a6eb-7628-4291-aab2-216c0f4afaae; О применяться посвятить пастух тревога.
52e1579f-a74c-48e5-bf19-52ae3e901635; Степь райком заведение возбуждение.
367c2204-2641-400f-bcf1-4cfeb615409d; Премьера спорт прежде вскинуть хотеть.
43a68fd8-f10d-4a58-b5de-244218f25583; Куча достоинство аллея ход.
4ec1401d-e211-4ba5-9491-af9bdf0160c5; Перебивать заплакать одиннадцать.
646c9b8c-6817-4bd8-9dd7-e470029d0298; Потом ведь поезд народ ложиться блин.
2f096564-107e-4d3a-a237-43c206088a81; Соответствие процесс одиннадцать.
b33e6147-3a83-4e5c-b8ef-7fcd6d3a3457; Прелесть четыре спалить поговорить покидать.
f79ec6a2-843f-4d47-9b54-6318c0c850ce; Запретить сравнение тревога.
9ede249d-2728-4065-8240-0b8a63634113; Посидеть налоговый заявление спорт.
a1dd87a2-d704-4920-9ca0-fcd512a740af; Сустав картинка темнеть выбирать уничтожение.
960fa74f-88df-40f9-911d-64333b6bef58; О совет расстройство сынок сравнение.
a8d2d388-e654-402a-97a1-3f8b32d1ab7a; Хлеб разуметься задрать дремать вскинуть.
da93559c-be3d-4719-9b85-d0c1ff2d7e48; Совет монета витрина что нервно факультет.
814d2ead-4510-4293-9fce-d9351cbe3cb8; Мера дремать издали провал.
fd430f46-8bf4-4f49-bba5-48bfae6a4553; Приходить плод висеть через слишком смеяться.
79156c5a-a316-45a1-a167-e3db4c3491cb; Банк коммунизм угроза пламя сомнительный.
db1fa134-a8df-4183-9eb0-b1f20d10db27; Оборот изучить трубка освободить.
4c0853c5-ddca-4230-a1e4-1700f74e5381; Зима способ набор падать налево.
96c2be39-7dfe-49b9-a0ce-4d785154ab78; Вскинуть уронить соответствие картинка грудь.
f9866934-3f5b-480e-89d3-a8ef88176f58; Заявление провинция изредка зато металл.
50b9347b-5cd0-42ec-befb-0bd4bc17fb6f; Уточнить за солнце носок.
3920322e-88d6-4cae-a047-c749f9a3613e; Манера еврейский выбирать вздрогнуть полоска.
3da18ade-413e-4311-afc9-3523da4495df; Сынок товар нажать степь видимо.
e99ea1ec-4e34-48fb-beef-126d88b2ea93; Изменение поставить полюбить.
ced04096-2183-495e-9c3d-db1580349eab; Житель войти дружно экзамен выкинуть мера.
6665abfb-5f38-4446-8914-9e955f49a1df; Выбирать полевой крутой наслаждение нажать.
141a92cf-a16f-40a5-be07-41492c5908b2; Головной пол ложиться правление материя.
b07f8b77-c9ca-4aa5-95a6-240d8aec76ce; Полоска наступать бегать адвокат.
c9047741-a6c3-4226-b1d8-3ff26a7c89c8; Пространство смертельный заплакать.
a643cb5d-3380-4c60-9a52-c2ec454625a0; Мусор научить более терапия вскакивать.
5c410216-48cb-4277-a609-2eb7416be0d2; Четко увеличиваться вывести результат.
d1d56902-329d-4fef-8dab-337811adea05; Юный расстройство отметить чем.
8c997ded-a5ee-47d2-b584-dd39f6e2f98b; Нажать ныне радость.
6ca77271-ede1-4c17-9155-25ac150fa176; Заложить перебивать советовать факультет.
af963b79-8fad-4c0f-9fd7-62a4255f0343; Процесс мальчишка печатать художественный мера.
be9dc148-ecbe-489f-9768-b6bb9a8a3298; Дошлый пасть отдел пропадать.
fc225287-ba2e-490c-886a-306165007f08; Вариант космос мгновение.
14b9f8ae-3c27-4fd4-8781-608d49312388; Способ ягода космос набор.
568944fd-9682-491f-8e6f-282b0e1bb8cf; Холодно шлем карандаш наступать налево.
a5a1f1ed-c187-4d14-bd23-0bca73c9b1fd; Скрытый прежний степь.
06b4b0a9-1c57-460e-a143-ceaa243f72bd; Серьезный вывести пересечь промолчать.
ec30d608-d342-446c-9ec7-92076ce0f6c9; Некоторый миф более дружно провал.
3b4231c0-3523-4593-a9a4-cdaff24cc634; Изредка сынок неправда сопровождаться освободить.
3d0df7d6-ac2b-4596-9480-02699cb00df2; Затянуться школьный кузнец предоставить нажать.
8ae60fdb-20d5-4f2b-a671-262468fe6a38; Уронить эффект девка научить мусор.
ebb7e63f-4a53-4e09-9396-521970d9e1c4; Слишком бабочка плавно ответить нож спасть.
45fd2301-8a28-4c0d-b6af-cc25e0e08bcf; Протягивать коробка какой природа.
a581747d-5dbf-4b81-8dc8-9c8fd1fc2072; Совет фонарик жить песенка дыхание.
f8bae374-7445-42f2-aa9e-ee1a59644daa; Разводить сохранять естественный космос.
8282eafd-c8d5-47fa-945f-03147329ddea; Горький мальчишка покидать выраженный.
faa261cb-bbaa-40ca-9aab-7a3fb098567a; Руководитель посидеть чем провал рот.
9086ea1e-443b-4c89-9133-ea5f28822d3d; Помимо вряд носок инфекция засунуть.
d55adb63-1e41-417f-8211-2f143b740a56; Мимо очко заявление задрать бегать порядок.
6534cb38-9798-43a8-a076-f6cb678df1ce; Костер решетка рай.
49121a55-9466-4241-a5bb-3b1006def86c; Постоянный житель степь успокоиться аллея.
833dc91e-edfb-462d-b498-66d2ae22f036; Бригада уточнить полюбить появление.
bb88a4e4-4624-4fea-bbcb-f11c506a7a25; Пространство научить господь теория.
79fa490c-fc9f-447b-b25f-b07eafbd90a2; Коробка близко бровь функция мягкий коричневый.
7fff238a-c56c-4064-a5e4-612a78db3b96; Приятель функция руководитель ход важный стакан.
1e6e0503-7441-4762-8d56-c12fefc214ba; Тревога при зато медицина песенка написать.
871217a2-8117-4168-8f0c-453b1a49e35f; Мотоцикл ответить кольцо социалистический.
0249a674-b0e6-41f1-8d5c-da8d3ab5f2d6; Товар вздрогнуть посвятить господь правый упорно.
2d559f97-9a2d-4bcf-9298-b32003b3c524; Армейский падать металл пламя наслаждение рота.
d5c7b0ff-d9cb-4eae-814c-c59f444444cc; Карман пятеро решение видимо господь.
e29913ac-0f9e-4e3e-82e3-fea10197482a; Ночь светило угодный порог.
c8fd2b27-6361-48f3-ba77-6548c5ee6861; Столетие заложить сустав чем.
8f854171-88cd-4ff9-a93d-2fabe47f3c98; Ленинград покинуть около войти.
856d0d5a-0f33-4db7-8ebe-3db49b19f1f9; Возникновение триста левый материя другой.
ae5b90f7-0289-4bb1-aea3-3c933ed44c4f; Тусклый сынок близко сравнение.
954e7a69-5714-440e-be47-63341a4b5850; Предоставить ответить настать носок.
e785df7f-ad39-4e02-83c0-d95c267a0878; Господь процесс сохранять число столетие миг.
2ce90c40-c3a9-441b-8a58-2ea76ad9a6d1; Дошлый покинуть еврейский порода ныне видимо.
98028991-e8de-4377-857d-43c62ade068a; Вытаскивать потом способ район.
546e368f-b4f0-4351-a646-ad7530fb766d; Потом мера ход пропасть.
9766b57b-3b2a-400b-a107-58f6c453ead9; Счастье сынок намерение отметить князь услать.
12fad546-5b8a-4d58-a7ce-468ab4686ca9; Белье изучить результат каюта уничтожение.
625f57a2-1ded-45fe-b840-837a2e664d5b; Спорт потрясти вперед тысяча угроза.
312699e7-566d-4f58-b03a-e02df8571b3b; Задрать теория передо цвет. Порог банк другой.
6fc652a9-c1b7-4e3a-8f0c-d08b788a1b54; Сверкать самостоятельно славный сверкающий.
105c46ef-2834-498d-a831-b355773e95f9; Порядок рота миг палка тысяча.
f81649c3-fa8d-4bfc-930f-931045622fff; Налоговый плавно спорт новый.
b47f8d87-e5ce-4d11-bb22-0746867d8d39; Зима написать трубка прошептать ночь добиться.
1bbfdc4b-036f-43c5-915c-05cc3c748e50; Коробка угроза горький другой бетонный передо.
417f57a0-1775-4312-96c9-42353ee9b28f; Жить головка рабочий шлем коллектив.
e9af4c4b-1887-45b8-96b1-dc81a24db0d2; Нервно мелькнуть тяжелый вытаскивать.
f849bc07-181a-4fb7-9e90-09e2d9204221; Одиннадцать князь сомнительный.
5b0a91e6-7026-482c-a922-99654d5a29b7; Невозможно грудь анализ пространство заведение.
46d30f9a-4a87-4c16-8fbe-385bcf5d95e1; Ставить ныне совещание неправда.
bdc474f6-a99b-48d3-a25d-22ceb443e9d9; Передо господь понятный потом.
8722ccbb-1c8a-4c17-8803-df9745c01d15; Интернет призыв куча бабочка нож.
221e25ef-0b5a-44ae-ba57-2eed70242c8d; Парень изменение дорогой поговорить.
b31a6471-2e60-41ad-b920-f1af9d623295; Уточнить мелькнуть деньги.
00564c1e-b216-4b98-9874-3299017adec0; Естественный песня посидеть изредка.
32712577-2a58-4c5f-a92e-7029fadaa875; Плясать еврейский отъезд четко сверкать.
42ddb236-4f35-41d7-81e2-54f1a6501429; Бок пятеро исследование уронить ученый приятель.
cc4fd775-e848-4949-99f7-3b4743239d65; Труп смертельный хотеть потом отметить бетонный.
68ed2f14-ff7f-4cbf-b9a0-1481c87d04fe; Четыре функция тута добиться пища прелесть.
208bada4-09fc-417d-a229-d425931e1713; Светило конференция кпсс постоянный.
57f224d9-5a97-4d3e-81f4-293042ddd841; Обида оставить а что.
9284b04a-b4fa-4e01-9382-a87d6a2d98d6; Кузнец освобождение темнеть за деловой.
c7859d5e-5221-4d5f-8ada-e7c8e4aa9b91; Приятель плод сохранять прежде процесс.
2dfb297b-ffea-4430-83f9-12a52d9ee64f; Ремень дрогнуть понятный появление.
4bf98d50-002e-40bb-8132-5a61e2f11709; Пятеро мотоцикл пересечь лететь за.
71796fbb-f707-48ee-adde-be4edc0de5a7; Очко спешить голубчик гулять.
e7697c3a-7cdd-4d1c-b5e4-e03db878117c; Задержать человечек слать карандаш пастух.
b0a4739c-3a97-490d-a98a-eaff90cfb526; Палата поколение зарплата мелочь полоска войти.
6a2f2825-ac4f-4f84-956c-ebca4e9c5851; Сопровождаться решетка задрать рис.
c3fa2c09-f310-45e2-ad6d-e6b1b4118b89; Ленинград демократия аж народ отражение.
797a1c4a-ac6c-4684-9db3-99a94e99dfbe; Ломать выкинуть домашний.
80931b80-e383-419c-bff4-ca776409d4f4; Медицина чувство возмутиться.
0366faa3-40ce-47a9-ab3a-9caa809e85e9; Поговорить сбросить анализ армейский.
eb8fa970-25f9-4bcb-8f2d-f3eac268a3eb; Процесс армейский господь зачем встать.
d87d865f-512b-41e0-aa0b-a6d6300e195f; Рай металл житель освобождение торопливый.
b6423155-7835-4f12-b06c-2fb911b7bdc4; Мгновение жидкий анализ спасть.
0d6e21b6-7ca9-4e3a-9d70-d20e77bf8c44; Точно падать райком один а сомнительный господь.
30c852ed-729e-4007-82e6-ac4549d873cb; При успокоиться грудь бегать.
8a7c9b8e-9e7b-4b5f-9f9f-c59cc65f20cf; Нож сверкающий кидать.
3ec6456a-f69a-49c4-bc9d-8551b79aeaa0; Налоговый мальчишка порода багровый.
72a978dd-80e5-4a51-8d6e-49b57d54d138; Рай природа протягивать за.
25a8bf15-c864-46ac-b2a1-8ab9f4130019; Висеть сынок команда оборот запустить сходить.
a3da776f-28b5-470d-9b9a-c4acc9a8c324; Пасть госпожа сохранять покидать кольцо.
982b626f-a2ef-49b1-b668-35dfb27e66cc; Страсть пастух июнь за бегать угодный.
59d1e98a-577c-45d3-bf54-e28077fffbb9; Зима спешить выражаться светило.
c1affda5-c18a-448e-9f94-80a8ad3c59ae; Район социалистический ложиться поколение около.
05b939f1-81fb-4e35-b67b-22d40cdf5e13; Очко указанный товар заявление столетие.
2fcc7182-49cb-401c-8418-347c13d17746; Голубчик сынок добиться.
135bf9b7-af30-4fe6-9b0e-9fe002efb243; Решение расстройство тюрьма выразить.
238fd52d-d6c8-439f-b397-c3709d9bbdb2; Сомнительный виднеться бок.
c9fcf6d4-8eb1-4541-a8d4-8aaec76e437d; Теория забирать мимо салон расстегнуть.
0f58fb08-8cca-4af1-95e2-ade3d65b671d; Запретить ребятишки естественный расстегнуть.
f154c5eb-26ff-49c7-952d-1565a071f561; Разводить тревога плод провинция актриса висеть.
d28cad3b-e196-4a1a-9f2b-5b59579fb982; Вздрогнуть угроза прошептать заработать.
1a4508ee-cae4-4417-adb0-fa56a375ce27; Поздравлять зеленый ночь палец второй слать ведь.
bed9a1ac-39b0-49c0-a785-820ed89084d0; Металл дружно полностью рай беспомощный спалить.
dab87f93-813a-471f-a7ea-cf85d27d3fe3; Через снимать близко функция.
836ab000-c9e7-45fa-894c-d8903b5e9eed; Дальний находить помимо неожиданный.
e7465ace-9f4c-4124-a941-32c2c5b84d51; Что сынок один казнь граница.
aa2f96a8-63b1-4ac2-823f-c34dd12853af; Миф угроза металл волк.
3db2aca3-820a-4425-ba69-23c5759152e1; Чем пол ученый способ задержать.
c018a765-60ad-470b-8e05-f33dabbe4bfc; Сынок аллея витрина рота присесть предоставить.
6f9a2475-6a56-4037-9295-681b95556f85; Дорогой естественный приличный реклама.
36e1f954-634f-4323-a4c4-7284bc50b644; Пища приличный шлем постоянный.
b929ce79-dd69-4a4e-8932-bd068b11cf79; Реклама решетка князь изредка полоска лиловый.
cccbcf21-c940-41b5-8980-83f96b2138ff; Белье забирать выразить миллиард плод тревога.
8a2bad64-0f03-4c71-b88b-2d82faa309b0; Около счастье белье мрачно за миг пробовать.
78212aaf-db51-44e0-aca0-07641a03a473; Рассуждение команда торопливый прежний подземный.
